 * Serving Flask app 'app'
 * Debug mode: on
WARNING: This is a development server. Do not use it in a production deployment. Use a production WSGI server instead.
 * Running on http://127.0.0.1:5000
Press CTRL+C to quit
 * Restarting with stat
 * Debugger is active!
 * Debugger PIN: 149-429-741
 * Detected change in 'c:\\Users\\TI01\\Documents\\Sistema\\app.py', reloading
 * Restarting with stat
 * Debugger is active!
 * Debugger PIN: 149-429-741
 * Detected change in 'c:\\Users\\TI01\\Documents\\Sistema\\app.py', reloading
 * Restarting with stat
 * Debugger is active!
 * Debugger PIN: 149-429-741
 * Detected change in 'c:\\Users\\TI01\\Documents\\Sistema\\app.py', reloading
 * Restarting with stat
 * Debugger is active!
 * Debugger PIN: 149-429-741
 * Detected change in 'c:\\Users\\TI01\\Documents\\Sistema\\app.py', reloading
 * Restarting with stat
 * Debugger is active!
 * Debugger PIN: 149-429-741
 * Detected change in 'c:\\Users\\TI01\\Documents\\Sistema\\app.py', reloading
 * Restarting with stat
 * Debugger is active!
 * Debugger PIN: 149-429-741
 * Detected change in 'c:\\Users\\TI01\\Documents\\Sistema\\app.py', reloading
 * Restarting with stat
 * Debugger is active!
 * Debugger PIN: 149-429-741
